  [1m[35m (636.6ms)[0m  [1m[35mCREATE DATABASE "Turo_development" ENCODING = 'unicode'[0m
  ↳ bin/rails:9
  [1m[35m (458.8ms)[0m  [1m[35mCREATE DATABASE "Turo_test" ENCODING = 'unicode'[0m
  ↳ bin/rails:9
  [1m[35m (43.6ms)[0m  [1m[35mCREATE TABLE "schema_migrations" ("version" character varying NOT NULL PRIMARY KEY)[0m
  ↳ bin/rails:9
  [1m[35m (47.4ms)[0m  [1m[35mCREATE TABLE "ar_internal_metadata" ("key" character varying NOT NULL PRIMARY KEY, "value" character varying, "created_at" timestamp NOT NULL, "updated_at" timestamp NOT NULL)[0m
  ↳ bin/rails:9
  [1m[35m (0.7ms)[0m  [1m[34mSELECT pg_try_advisory_lock(75971506954250565)[0m
  ↳ bin/rails:9
  [1m[35m (3.8ms)[0m  [1m[34mSELECT "schema_migrations"."version" FROM "schema_migrations" ORDER BY "schema_migrations"."version" ASC[0m
  ↳ bin/rails:9
Migrating to CreateUsers (20190902223857)
  [1m[35m (0.2ms)[0m  [1m[35mBEGIN[0m
  ↳ bin/rails:9
  [1m[35m (66.9ms)[0m  [1m[35mCREATE TABLE "users" ("id" bigserial primary key, "email" character varying NOT NULL, "first_name" character varying NOT NULL, "last_name" character varying NOT NULL, "password_digest" character varying NOT NULL, "session_token" character varying NOT NULL, "created_at" timestamp NOT NULL, "updated_at" timestamp NOT NULL)[0m
  ↳ db/migrate/20190902223857_create_users.rb:3
  [1m[35m (3.7ms)[0m  [1m[35mCREATE UNIQUE INDEX  "index_users_on_email" ON "users"  ("email")[0m
  ↳ db/migrate/20190902223857_create_users.rb:12
  [1m[35m (9.5ms)[0m  [1m[35mCREATE UNIQUE INDEX  "index_users_on_session_token" ON "users"  ("session_token")[0m
  ↳ db/migrate/20190902223857_create_users.rb:13
  [1m[36mActiveRecord::SchemaMigration Create (3.5ms)[0m  [1m[32mINSERT INTO "schema_migrations" ("version") VALUES ($1) RETURNING "version"[0m  [["version", "20190902223857"]]
  ↳ bin/rails:9
  [1m[35m (3.1ms)[0m  [1m[35mCOMMIT[0m
  ↳ bin/rails:9
  [1m[36mActiveRecord::InternalMetadata Load (1.4ms)[0m  [1m[34mSELECT  "ar_internal_metadata".* FROM "ar_internal_metadata" WHERE "ar_internal_metadata"."key" = $1 LIMIT $2[0m  [["key", "environment"], ["LIMIT", 1]]
  ↳ bin/rails:9
  [1m[35m (0.3ms)[0m  [1m[35mBEGIN[0m
  ↳ bin/rails:9
  [1m[36mActiveRecord::InternalMetadata Create (0.7ms)[0m  [1m[32mINSERT INTO "ar_internal_metadata" ("key", "value", "created_at", "updated_at") VALUES ($1, $2, $3, $4) RETURNING "key"[0m  [["key", "environment"], ["value", "development"], ["created_at", "2019-09-02 23:41:14.843171"], ["updated_at", "2019-09-02 23:41:14.843171"]]
  ↳ bin/rails:9
  [1m[35m (0.9ms)[0m  [1m[35mCOMMIT[0m
  ↳ bin/rails:9
  [1m[35m (0.4ms)[0m  [1m[34mSELECT pg_advisory_unlock(75971506954250565)[0m
  ↳ bin/rails:9
  [1m[35m (0.5ms)[0m  [1m[34mSELECT "schema_migrations"."version" FROM "schema_migrations" ORDER BY "schema_migrations"."version" ASC[0m
  ↳ bin/rails:9
Started GET "/" for ::1 at 2019-09-03 08:59:43 -0700
  [1m[35m (2.3ms)[0m  [1m[34mSELECT "schema_migrations"."version" FROM "schema_migrations" ORDER BY "schema_migrations"."version" ASC[0m
  ↳ /Users/anisurrkhan/.rbenv/versions/2.5.1/lib/ruby/gems/2.5.0/gems/activerecord-5.2.3/lib/active_record/log_subscriber.rb:98
Processing by Rails::WelcomeController#index as HTML
  Rendering /Users/anisurrkhan/.rbenv/versions/2.5.1/lib/ruby/gems/2.5.0/gems/railties-5.2.3/lib/rails/templates/rails/welcome/index.html.erb
  Rendered /Users/anisurrkhan/.rbenv/versions/2.5.1/lib/ruby/gems/2.5.0/gems/railties-5.2.3/lib/rails/templates/rails/welcome/index.html.erb (8.6ms)
Completed 200 OK in 41ms (Views: 20.2ms | ActiveRecord: 0.0ms)


Started GET "/" for ::1 at 2019-09-03 09:38:26 -0700
Processing by Rails::WelcomeController#index as HTML
  Rendering /Users/anisurrkhan/.rbenv/versions/2.5.1/lib/ruby/gems/2.5.0/gems/railties-5.2.3/lib/rails/templates/rails/welcome/index.html.erb
  Rendered /Users/anisurrkhan/.rbenv/versions/2.5.1/lib/ruby/gems/2.5.0/gems/railties-5.2.3/lib/rails/templates/rails/welcome/index.html.erb (5.2ms)
Completed 200 OK in 20ms (Views: 12.5ms | ActiveRecord: 0.0ms)


Started GET "/" for ::1 at 2019-09-03 10:18:39 -0700
Processing by Rails::WelcomeController#index as HTML
  Rendering /Users/anisurrkhan/.rbenv/versions/2.5.1/lib/ruby/gems/2.5.0/gems/railties-5.2.3/lib/rails/templates/rails/welcome/index.html.erb
  Rendered /Users/anisurrkhan/.rbenv/versions/2.5.1/lib/ruby/gems/2.5.0/gems/railties-5.2.3/lib/rails/templates/rails/welcome/index.html.erb (4.9ms)
Completed 200 OK in 21ms (Views: 12.6ms | ActiveRecord: 0.0ms)


Started GET "/" for ::1 at 2019-09-03 10:40:25 -0700
Processing by Rails::WelcomeController#index as HTML
  Rendering /Users/anisurrkhan/.rbenv/versions/2.5.1/lib/ruby/gems/2.5.0/gems/railties-5.2.3/lib/rails/templates/rails/welcome/index.html.erb
  Rendered /Users/anisurrkhan/.rbenv/versions/2.5.1/lib/ruby/gems/2.5.0/gems/railties-5.2.3/lib/rails/templates/rails/welcome/index.html.erb (11.3ms)
Completed 200 OK in 30ms (Views: 21.0ms | ActiveRecord: 0.0ms)


Started GET "/" for ::1 at 2019-09-03 10:51:48 -0700
Processing by StaticPagesController#root as HTML
Completed 406 Not Acceptable in 224ms (ActiveRecord: 0.0ms)



ActionController::UnknownFormat - StaticPagesController#root is missing a template for this request format and variant.

request.formats: ["text/html"]
request.variant: []

NOTE! For XHR/Ajax or API requests, this action would normally respond with 204 No Content: an empty white screen. Since you're loading it in a web browser, we assume that you expected to actually render a template, not nothing, so we're showing an error to be extra-clear. If you expect 204 No Content, carry on. That's what you'll get from an XHR or API request. Give it a shot.:

Started POST "/__better_errors/591ff5759e88908e/variables" for ::1 at 2019-09-03 10:51:49 -0700
Started GET "/" for ::1 at 2019-09-03 13:25:17 -0700
Processing by StaticPagesController#root as HTML
Completed 406 Not Acceptable in 214ms (ActiveRecord: 0.0ms)



ActionController::UnknownFormat - StaticPagesController#root is missing a template for this request format and variant.

request.formats: ["text/html"]
request.variant: []

NOTE! For XHR/Ajax or API requests, this action would normally respond with 204 No Content: an empty white screen. Since you're loading it in a web browser, we assume that you expected to actually render a template, not nothing, so we're showing an error to be extra-clear. If you expect 204 No Content, carry on. That's what you'll get from an XHR or API request. Give it a shot.:

Started POST "/__better_errors/6c15907b3b0a22c3/variables" for ::1 at 2019-09-03 13:25:19 -0700
Started GET "/" for ::1 at 2019-09-03 13:33:55 -0700
Processing by StaticPagesController#root as HTML
  Rendering static_pages/root.html.erb within layouts/application
  Rendered static_pages/root.html.erb within layouts/application (0.9ms)
Completed 200 OK in 5417ms (Views: 5410.3ms | ActiveRecord: 0.0ms)


  [1m[35m (1.7ms)[0m  [1m[34mSELECT "schema_migrations"."version" FROM "schema_migrations" ORDER BY "schema_migrations"."version" ASC[0m
  ↳ /Users/anisurrkhan/.rbenv/versions/2.5.1/bin/annotate:23
Started GET "/" for ::1 at 2019-09-03 14:32:48 -0700
Processing by StaticPagesController#root as HTML
  Rendering static_pages/root.html.erb within layouts/application
  Rendered static_pages/root.html.erb within layouts/application (2.4ms)
Completed 200 OK in 799ms (Views: 790.3ms | ActiveRecord: 0.0ms)


Started GET "/" for ::1 at 2019-09-03 14:42:54 -0700
Processing by StaticPagesController#root as HTML
  Rendering static_pages/root.html.erb within layouts/application
  Rendered static_pages/root.html.erb within layouts/application (7.1ms)
Completed 200 OK in 127ms (Views: 123.1ms | ActiveRecord: 0.0ms)


Started GET "/" for ::1 at 2019-09-03 14:44:02 -0700
Processing by StaticPagesController#root as HTML
  Rendering static_pages/root.html.erb within layouts/application
  Rendered static_pages/root.html.erb within layouts/application (2.7ms)
Completed 200 OK in 780ms (Views: 775.7ms | ActiveRecord: 0.0ms)


Started GET "/" for ::1 at 2019-09-03 14:44:19 -0700
Processing by StaticPagesController#root as HTML
  Rendering static_pages/root.html.erb within layouts/application
  Rendered static_pages/root.html.erb within layouts/application (0.4ms)
Completed 200 OK in 1134ms (Views: 1127.3ms | ActiveRecord: 0.0ms)


Started GET "/" for ::1 at 2019-09-03 14:44:29 -0700
Processing by StaticPagesController#root as HTML
  Rendering static_pages/root.html.erb within layouts/application
  Rendered static_pages/root.html.erb within layouts/application (0.4ms)
Completed 200 OK in 101ms (Views: 93.6ms | ActiveRecord: 0.0ms)


Started GET "/" for ::1 at 2019-09-03 14:44:44 -0700
Processing by StaticPagesController#root as HTML
  Rendering static_pages/root.html.erb within layouts/application
  Rendered static_pages/root.html.erb within layouts/application (0.4ms)
Completed 200 OK in 1729ms (Views: 1721.6ms | ActiveRecord: 0.0ms)


Started GET "/" for ::1 at 2019-09-03 14:49:09 -0700
Processing by StaticPagesController#root as HTML
  Rendering static_pages/root.html.erb within layouts/application
  Rendered static_pages/root.html.erb within layouts/application (1.6ms)
Completed 200 OK in 853ms (Views: 845.9ms | ActiveRecord: 0.0ms)


Started GET "/" for ::1 at 2019-09-03 14:53:50 -0700
Processing by StaticPagesController#root as HTML
  Rendering static_pages/root.html.erb within layouts/application
  Rendered static_pages/root.html.erb within layouts/application (0.8ms)
Completed 200 OK in 120ms (Views: 113.7ms | ActiveRecord: 0.0ms)


Started GET "/" for ::1 at 2019-09-03 14:54:13 -0700
Processing by StaticPagesController#root as HTML
  Rendering static_pages/root.html.erb within layouts/application
  Rendered static_pages/root.html.erb within layouts/application (0.5ms)
Completed 200 OK in 900ms (Views: 893.7ms | ActiveRecord: 0.0ms)


Started GET "/" for ::1 at 2019-09-03 14:54:19 -0700
Processing by StaticPagesController#root as HTML
  Rendering static_pages/root.html.erb within layouts/application
  Rendered static_pages/root.html.erb within layouts/application (0.6ms)
Completed 200 OK in 101ms (Views: 95.7ms | ActiveRecord: 0.0ms)


Started GET "/" for ::1 at 2019-09-03 14:54:43 -0700
Processing by StaticPagesController#root as HTML
  Rendering static_pages/root.html.erb within layouts/application
  Rendered static_pages/root.html.erb within layouts/application (0.6ms)
Completed 200 OK in 111ms (Views: 106.6ms | ActiveRecord: 0.0ms)


Started GET "/" for ::1 at 2019-09-03 14:55:33 -0700
Processing by StaticPagesController#root as HTML
  Rendering static_pages/root.html.erb within layouts/application
  Rendered static_pages/root.html.erb within layouts/application (0.3ms)
Completed 200 OK in 789ms (Views: 783.4ms | ActiveRecord: 0.0ms)


Started GET "/" for ::1 at 2019-09-03 15:01:23 -0700
Processing by StaticPagesController#root as HTML
  Rendering static_pages/root.html.erb within layouts/application
  Rendered static_pages/root.html.erb within layouts/application (2.1ms)
Completed 200 OK in 1061ms (Views: 1052.6ms | ActiveRecord: 0.0ms)


Started GET "/" for ::1 at 2019-09-03 15:02:36 -0700
Processing by StaticPagesController#root as HTML
  Rendering static_pages/root.html.erb within layouts/application
  Rendered static_pages/root.html.erb within layouts/application (0.6ms)
Completed 200 OK in 1151ms (Views: 1147.5ms | ActiveRecord: 0.0ms)


Started GET "/" for ::1 at 2019-09-03 15:18:03 -0700
Processing by StaticPagesController#root as HTML
  Rendering static_pages/root.html.erb within layouts/application
  Rendered static_pages/root.html.erb within layouts/application (2.0ms)
Completed 200 OK in 775ms (Views: 768.6ms | ActiveRecord: 0.0ms)


Started GET "/" for ::1 at 2019-09-03 15:23:06 -0700
Processing by StaticPagesController#root as HTML
  Rendering static_pages/root.html.erb within layouts/application
  Rendered static_pages/root.html.erb within layouts/application (0.7ms)
Completed 200 OK in 869ms (Views: 865.4ms | ActiveRecord: 0.0ms)


Started GET "/" for ::1 at 2019-09-03 15:28:28 -0700
Processing by StaticPagesController#root as HTML
  Rendering static_pages/root.html.erb within layouts/application
  Rendered static_pages/root.html.erb within layouts/application (0.7ms)
Completed 200 OK in 109ms (Views: 105.2ms | ActiveRecord: 0.0ms)


Started GET "/" for ::1 at 2019-09-03 15:28:32 -0700
Processing by StaticPagesController#root as HTML
  Rendering static_pages/root.html.erb within layouts/application
  Rendered static_pages/root.html.erb within layouts/application (0.5ms)
Completed 200 OK in 65ms (Views: 60.5ms | ActiveRecord: 0.0ms)


Started GET "/" for ::1 at 2019-09-03 15:28:56 -0700
Processing by StaticPagesController#root as HTML
  Rendering static_pages/root.html.erb within layouts/application
  Rendered static_pages/root.html.erb within layouts/application (0.6ms)
Completed 200 OK in 108ms (Views: 102.0ms | ActiveRecord: 0.0ms)


Started GET "/" for ::1 at 2019-09-03 15:34:29 -0700
Processing by StaticPagesController#root as HTML
  Rendering static_pages/root.html.erb within layouts/application
  Rendered static_pages/root.html.erb within layouts/application (1.5ms)
Completed 200 OK in 1404ms (Views: 1398.4ms | ActiveRecord: 0.0ms)


Started GET "/" for ::1 at 2019-09-03 15:39:58 -0700
Processing by StaticPagesController#root as HTML
  Rendering static_pages/root.html.erb within layouts/application
  Rendered static_pages/root.html.erb within layouts/application (0.6ms)
Completed 200 OK in 92ms (Views: 88.4ms | ActiveRecord: 0.0ms)


Started GET "/" for ::1 at 2019-09-03 15:40:26 -0700
Processing by StaticPagesController#root as HTML
  Rendering static_pages/root.html.erb within layouts/application
  Rendered static_pages/root.html.erb within layouts/application (0.7ms)
Completed 200 OK in 97ms (Views: 91.7ms | ActiveRecord: 0.0ms)


Started GET "/" for ::1 at 2019-09-03 15:40:30 -0700
Processing by StaticPagesController#root as HTML
  Rendering static_pages/root.html.erb within layouts/application
  Rendered static_pages/root.html.erb within layouts/application (3.0ms)
Completed 200 OK in 89ms (Views: 83.3ms | ActiveRecord: 0.0ms)


Started GET "/" for ::1 at 2019-09-03 15:45:08 -0700
Processing by StaticPagesController#root as HTML
  Rendering static_pages/root.html.erb within layouts/application
  Rendered static_pages/root.html.erb within layouts/application (1.0ms)
Completed 200 OK in 740ms (Views: 736.0ms | ActiveRecord: 0.0ms)


Started GET "/" for ::1 at 2019-09-03 15:47:09 -0700
Processing by StaticPagesController#root as HTML
  Rendering static_pages/root.html.erb within layouts/application
  Rendered static_pages/root.html.erb within layouts/application (0.6ms)
Completed 200 OK in 817ms (Views: 811.0ms | ActiveRecord: 0.0ms)


Started GET "/" for ::1 at 2019-09-03 15:52:01 -0700
Processing by StaticPagesController#root as HTML
  Rendering static_pages/root.html.erb within layouts/application
  Rendered static_pages/root.html.erb within layouts/application (0.7ms)
Completed 200 OK in 90ms (Views: 84.4ms | ActiveRecord: 0.0ms)


Started GET "/" for ::1 at 2019-09-03 15:52:06 -0700
Processing by StaticPagesController#root as HTML
  Rendering static_pages/root.html.erb within layouts/application
  Rendered static_pages/root.html.erb within layouts/application (0.5ms)
Completed 200 OK in 76ms (Views: 72.0ms | ActiveRecord: 0.0ms)


Started GET "/" for ::1 at 2019-09-03 15:59:35 -0700
Processing by StaticPagesController#root as HTML
  Rendering static_pages/root.html.erb within layouts/application
  Rendered static_pages/root.html.erb within layouts/application (4.2ms)
Completed 200 OK in 837ms (Views: 812.2ms | ActiveRecord: 0.0ms)


Started GET "/" for ::1 at 2019-09-03 16:00:26 -0700
Processing by StaticPagesController#root as HTML
  Rendering static_pages/root.html.erb within layouts/application
  Rendered static_pages/root.html.erb within layouts/application (2.0ms)
Completed 200 OK in 1145ms (Views: 1139.3ms | ActiveRecord: 0.0ms)


Started GET "/" for ::1 at 2019-09-03 16:01:22 -0700
Processing by StaticPagesController#root as HTML
  Rendering static_pages/root.html.erb within layouts/application
  Rendered static_pages/root.html.erb within layouts/application (0.4ms)
Completed 200 OK in 71ms (Views: 66.1ms | ActiveRecord: 0.0ms)


Started GET "/" for ::1 at 2019-09-03 16:01:57 -0700
Processing by StaticPagesController#root as HTML
  Rendering static_pages/root.html.erb within layouts/application
  Rendered static_pages/root.html.erb within layouts/application (1.0ms)
Completed 200 OK in 684ms (Views: 679.0ms | ActiveRecord: 0.0ms)


Started GET "/" for ::1 at 2019-09-03 16:19:13 -0700
Processing by StaticPagesController#root as HTML
  Rendering static_pages/root.html.erb within layouts/application
  Rendered static_pages/root.html.erb within layouts/application (2.1ms)
Completed 200 OK in 1250ms (Views: 1244.6ms | ActiveRecord: 0.0ms)


Started GET "/" for ::1 at 2019-09-03 19:55:33 -0700
Processing by StaticPagesController#root as HTML
  Rendering static_pages/root.html.erb within layouts/application
  Rendered static_pages/root.html.erb within layouts/application (1.2ms)
Completed 200 OK in 731ms (Views: 727.0ms | ActiveRecord: 0.0ms)


Started GET "/" for ::1 at 2019-09-03 19:56:36 -0700
Processing by StaticPagesController#root as HTML
  Rendering static_pages/root.html.erb within layouts/application
  Rendered static_pages/root.html.erb within layouts/application (0.6ms)
Completed 200 OK in 574ms (Views: 568.3ms | ActiveRecord: 0.0ms)


Started GET "/" for ::1 at 2019-09-03 20:36:40 -0700
Processing by StaticPagesController#root as HTML
  Rendering static_pages/root.html.erb within layouts/application
  Rendered static_pages/root.html.erb within layouts/application (29.2ms)
Completed 200 OK in 366ms (Views: 348.5ms | ActiveRecord: 0.0ms)


Started GET "/" for ::1 at 2019-09-03 20:57:35 -0700
Processing by StaticPagesController#root as HTML
  Rendering static_pages/root.html.erb within layouts/application
  Rendered static_pages/root.html.erb within layouts/application (3.2ms)
Completed 200 OK in 835ms (Views: 824.8ms | ActiveRecord: 0.0ms)


Started GET "/" for ::1 at 2019-09-03 21:01:12 -0700
Processing by StaticPagesController#root as HTML
  Rendering static_pages/root.html.erb within layouts/application
  Rendered static_pages/root.html.erb within layouts/application (1.9ms)
Completed 200 OK in 1295ms (Views: 1289.7ms | ActiveRecord: 0.0ms)


Started GET "/" for ::1 at 2019-09-03 21:01:47 -0700
Processing by StaticPagesController#root as HTML
  Rendering static_pages/root.html.erb within layouts/application
  Rendered static_pages/root.html.erb within layouts/application (1.0ms)
Completed 200 OK in 1098ms (Views: 1092.1ms | ActiveRecord: 0.0ms)


Started GET "/" for ::1 at 2019-09-03 21:59:39 -0700
Processing by StaticPagesController#root as HTML
  Rendering static_pages/root.html.erb within layouts/application
  Rendered static_pages/root.html.erb within layouts/application (6.1ms)
Completed 200 OK in 1077ms (Views: 1061.6ms | ActiveRecord: 0.0ms)


Started GET "/" for ::1 at 2019-09-03 23:20:14 -0700
Processing by StaticPagesController#root as HTML
  Rendering static_pages/root.html.erb within layouts/application
  Rendered static_pages/root.html.erb within layouts/application (5.5ms)
Completed 200 OK in 606ms (Views: 601.1ms | ActiveRecord: 0.0ms)


Started GET "/" for ::1 at 2019-09-03 23:20:53 -0700
Processing by StaticPagesController#root as HTML
  Rendering static_pages/root.html.erb within layouts/application
  Rendered static_pages/root.html.erb within layouts/application (4.1ms)
Completed 200 OK in 554ms (Views: 550.3ms | ActiveRecord: 0.0ms)


Started GET "/" for ::1 at 2019-09-03 23:28:07 -0700
Processing by StaticPagesController#root as HTML
  Rendering static_pages/root.html.erb within layouts/application
  Rendered static_pages/root.html.erb within layouts/application (1.0ms)
Completed 200 OK in 135ms (Views: 129.6ms | ActiveRecord: 0.0ms)


Started GET "/" for ::1 at 2019-09-03 23:28:37 -0700
Processing by StaticPagesController#root as HTML
  Rendering static_pages/root.html.erb within layouts/application
  Rendered static_pages/root.html.erb within layouts/application (0.8ms)
Completed 200 OK in 698ms (Views: 693.2ms | ActiveRecord: 0.0ms)


Started GET "/" for ::1 at 2019-09-03 23:34:38 -0700
Processing by StaticPagesController#root as HTML
  Rendering static_pages/root.html.erb within layouts/application
  Rendered static_pages/root.html.erb within layouts/application (5.5ms)
Completed 200 OK in 726ms (Views: 717.1ms | ActiveRecord: 0.0ms)


Started GET "/" for ::1 at 2019-09-03 23:35:21 -0700
Processing by StaticPagesController#root as HTML
  Rendering static_pages/root.html.erb within layouts/application
  Rendered static_pages/root.html.erb within layouts/application (0.5ms)
Completed 200 OK in 896ms (Views: 891.7ms | ActiveRecord: 0.0ms)


Started POST "/api/users" for ::1 at 2019-09-03 23:36:29 -0700
  
ActionController::RoutingError (No route matches [POST] "/api/users"):
  
actionpack (5.2.3) lib/action_dispatch/middleware/debug_exceptions.rb:65:in `call'
web-console (3.7.0) lib/web_console/middleware.rb:135:in `call_app'
web-console (3.7.0) lib/web_console/middleware.rb:30:in `block in call'
web-console (3.7.0) lib/web_console/middleware.rb:20:in `catch'
web-console (3.7.0) lib/web_console/middleware.rb:20:in `call'
actionpack (5.2.3) lib/action_dispatch/middleware/show_exceptions.rb:33:in `call'
railties (5.2.3) lib/rails/rack/logger.rb:38:in `call_app'
railties (5.2.3) lib/rails/rack/logger.rb:26:in `block in call'
activesupport (5.2.3) lib/active_support/tagged_logging.rb:71:in `block in tagged'
activesupport (5.2.3) lib/active_support/tagged_logging.rb:28:in `tagged'
activesupport (5.2.3) lib/active_support/tagged_logging.rb:71:in `tagged'
railties (5.2.3) lib/rails/rack/logger.rb:26:in `call'
sprockets-rails (3.2.1) lib/sprockets/rails/quiet_assets.rb:13:in `call'
actionpack (5.2.3) lib/action_dispatch/middleware/remote_ip.rb:81:in `call'
actionpack (5.2.3) lib/action_dispatch/middleware/request_id.rb:27:in `call'
rack (2.0.7) lib/rack/method_override.rb:22:in `call'
rack (2.0.7) lib/rack/runtime.rb:22:in `call'
activesupport (5.2.3) lib/active_support/cache/strategy/local_cache_middleware.rb:29:in `call'
actionpack (5.2.3) lib/action_dispatch/middleware/executor.rb:14:in `call'
actionpack (5.2.3) lib/action_dispatch/middleware/static.rb:127:in `call'
rack (2.0.7) lib/rack/sendfile.rb:111:in `call'
railties (5.2.3) lib/rails/engine.rb:524:in `call'
puma (3.12.1) lib/puma/configuration.rb:227:in `call'
puma (3.12.1) lib/puma/server.rb:660:in `handle_request'
puma (3.12.1) lib/puma/server.rb:474:in `process_client'
puma (3.12.1) lib/puma/server.rb:334:in `block in run'
puma (3.12.1) lib/puma/thread_pool.rb:135:in `block in spawn_thread'
Started GET "/" for ::1 at 2019-09-03 23:51:41 -0700
Processing by StaticPagesController#root as HTML
  Rendering static_pages/root.html.erb within layouts/application
  Rendered static_pages/root.html.erb within layouts/application (1.3ms)
Completed 200 OK in 828ms (Views: 819.2ms | ActiveRecord: 0.0ms)


Started GET "/" for ::1 at 2019-09-03 23:57:35 -0700
Processing by StaticPagesController#root as HTML
  Rendering static_pages/root.html.erb within layouts/application
  Rendered static_pages/root.html.erb within layouts/application (0.4ms)
Completed 200 OK in 110ms (Views: 100.7ms | ActiveRecord: 0.0ms)


Started GET "/" for ::1 at 2019-09-03 23:58:49 -0700
Processing by StaticPagesController#root as HTML
  Rendering static_pages/root.html.erb within layouts/application
  Rendered static_pages/root.html.erb within layouts/application (1.0ms)
Completed 200 OK in 74ms (Views: 71.1ms | ActiveRecord: 0.0ms)


Started POST "/api/users" for ::1 at 2019-09-03 23:59:14 -0700
  
ActionController::RoutingError (No route matches [POST] "/api/users"):
  
actionpack (5.2.3) lib/action_dispatch/middleware/debug_exceptions.rb:65:in `call'
web-console (3.7.0) lib/web_console/middleware.rb:135:in `call_app'
web-console (3.7.0) lib/web_console/middleware.rb:30:in `block in call'
web-console (3.7.0) lib/web_console/middleware.rb:20:in `catch'
web-console (3.7.0) lib/web_console/middleware.rb:20:in `call'
actionpack (5.2.3) lib/action_dispatch/middleware/show_exceptions.rb:33:in `call'
railties (5.2.3) lib/rails/rack/logger.rb:38:in `call_app'
railties (5.2.3) lib/rails/rack/logger.rb:26:in `block in call'
activesupport (5.2.3) lib/active_support/tagged_logging.rb:71:in `block in tagged'
activesupport (5.2.3) lib/active_support/tagged_logging.rb:28:in `tagged'
activesupport (5.2.3) lib/active_support/tagged_logging.rb:71:in `tagged'
railties (5.2.3) lib/rails/rack/logger.rb:26:in `call'
sprockets-rails (3.2.1) lib/sprockets/rails/quiet_assets.rb:13:in `call'
actionpack (5.2.3) lib/action_dispatch/middleware/remote_ip.rb:81:in `call'
actionpack (5.2.3) lib/action_dispatch/middleware/request_id.rb:27:in `call'
rack (2.0.7) lib/rack/method_override.rb:22:in `call'
rack (2.0.7) lib/rack/runtime.rb:22:in `call'
activesupport (5.2.3) lib/active_support/cache/strategy/local_cache_middleware.rb:29:in `call'
actionpack (5.2.3) lib/action_dispatch/middleware/executor.rb:14:in `call'
actionpack (5.2.3) lib/action_dispatch/middleware/static.rb:127:in `call'
rack (2.0.7) lib/rack/sendfile.rb:111:in `call'
railties (5.2.3) lib/rails/engine.rb:524:in `call'
puma (3.12.1) lib/puma/configuration.rb:227:in `call'
puma (3.12.1) lib/puma/server.rb:660:in `handle_request'
puma (3.12.1) lib/puma/server.rb:474:in `process_client'
puma (3.12.1) lib/puma/server.rb:334:in `block in run'
puma (3.12.1) lib/puma/thread_pool.rb:135:in `block in spawn_thread'
Started GET "/" for ::1 at 2019-09-04 00:00:50 -0700
Processing by StaticPagesController#root as HTML
  Rendering static_pages/root.html.erb within layouts/application
  Rendered static_pages/root.html.erb within layouts/application (3.8ms)
Completed 200 OK in 1447ms (Views: 1437.6ms | ActiveRecord: 0.0ms)


Started POST "/api/users" for ::1 at 2019-09-04 00:01:05 -0700
  
ActionController::RoutingError (No route matches [POST] "/api/users"):
  
actionpack (5.2.3) lib/action_dispatch/middleware/debug_exceptions.rb:65:in `call'
web-console (3.7.0) lib/web_console/middleware.rb:135:in `call_app'
web-console (3.7.0) lib/web_console/middleware.rb:30:in `block in call'
web-console (3.7.0) lib/web_console/middleware.rb:20:in `catch'
web-console (3.7.0) lib/web_console/middleware.rb:20:in `call'
actionpack (5.2.3) lib/action_dispatch/middleware/show_exceptions.rb:33:in `call'
railties (5.2.3) lib/rails/rack/logger.rb:38:in `call_app'
railties (5.2.3) lib/rails/rack/logger.rb:26:in `block in call'
activesupport (5.2.3) lib/active_support/tagged_logging.rb:71:in `block in tagged'
activesupport (5.2.3) lib/active_support/tagged_logging.rb:28:in `tagged'
activesupport (5.2.3) lib/active_support/tagged_logging.rb:71:in `tagged'
railties (5.2.3) lib/rails/rack/logger.rb:26:in `call'
sprockets-rails (3.2.1) lib/sprockets/rails/quiet_assets.rb:13:in `call'
actionpack (5.2.3) lib/action_dispatch/middleware/remote_ip.rb:81:in `call'
actionpack (5.2.3) lib/action_dispatch/middleware/request_id.rb:27:in `call'
rack (2.0.7) lib/rack/method_override.rb:22:in `call'
rack (2.0.7) lib/rack/runtime.rb:22:in `call'
activesupport (5.2.3) lib/active_support/cache/strategy/local_cache_middleware.rb:29:in `call'
actionpack (5.2.3) lib/action_dispatch/middleware/executor.rb:14:in `call'
actionpack (5.2.3) lib/action_dispatch/middleware/static.rb:127:in `call'
rack (2.0.7) lib/rack/sendfile.rb:111:in `call'
railties (5.2.3) lib/rails/engine.rb:524:in `call'
puma (3.12.1) lib/puma/configuration.rb:227:in `call'
puma (3.12.1) lib/puma/server.rb:660:in `handle_request'
puma (3.12.1) lib/puma/server.rb:474:in `process_client'
puma (3.12.1) lib/puma/server.rb:334:in `block in run'
puma (3.12.1) lib/puma/thread_pool.rb:135:in `block in spawn_thread'
Started GET "/" for ::1 at 2019-09-04 00:03:12 -0700
Processing by StaticPagesController#root as HTML
  Rendering static_pages/root.html.erb within layouts/application
  Rendered static_pages/root.html.erb within layouts/application (0.4ms)
Completed 200 OK in 832ms (Views: 826.1ms | ActiveRecord: 0.0ms)


Started GET "/" for ::1 at 2019-09-04 00:08:39 -0700
Processing by StaticPagesController#root as HTML
  Rendering static_pages/root.html.erb within layouts/application
  Rendered static_pages/root.html.erb within layouts/application (14.0ms)
Completed 200 OK in 937ms (Views: 923.5ms | ActiveRecord: 0.0ms)


Started GET "/" for ::1 at 2019-09-04 00:10:18 -0700
Processing by StaticPagesController#root as HTML
  Rendering static_pages/root.html.erb within layouts/application
  Rendered static_pages/root.html.erb within layouts/application (0.9ms)
Completed 200 OK in 400ms (Views: 392.5ms | ActiveRecord: 0.0ms)


Started GET "/" for ::1 at 2019-09-04 00:13:13 -0700
Processing by StaticPagesController#root as HTML
  Rendering static_pages/root.html.erb within layouts/application
  Rendered static_pages/root.html.erb within layouts/application (4.9ms)
Completed 200 OK in 3915ms (Views: 3902.6ms | ActiveRecord: 0.0ms)


Started POST "/api/users" for ::1 at 2019-09-04 00:13:37 -0700
  
ActionController::RoutingError (No route matches [POST] "/api/users"):
  
actionpack (5.2.3) lib/action_dispatch/middleware/debug_exceptions.rb:65:in `call'
web-console (3.7.0) lib/web_console/middleware.rb:135:in `call_app'
web-console (3.7.0) lib/web_console/middleware.rb:30:in `block in call'
web-console (3.7.0) lib/web_console/middleware.rb:20:in `catch'
web-console (3.7.0) lib/web_console/middleware.rb:20:in `call'
actionpack (5.2.3) lib/action_dispatch/middleware/show_exceptions.rb:33:in `call'
railties (5.2.3) lib/rails/rack/logger.rb:38:in `call_app'
railties (5.2.3) lib/rails/rack/logger.rb:26:in `block in call'
activesupport (5.2.3) lib/active_support/tagged_logging.rb:71:in `block in tagged'
activesupport (5.2.3) lib/active_support/tagged_logging.rb:28:in `tagged'
activesupport (5.2.3) lib/active_support/tagged_logging.rb:71:in `tagged'
railties (5.2.3) lib/rails/rack/logger.rb:26:in `call'
sprockets-rails (3.2.1) lib/sprockets/rails/quiet_assets.rb:13:in `call'
actionpack (5.2.3) lib/action_dispatch/middleware/remote_ip.rb:81:in `call'
actionpack (5.2.3) lib/action_dispatch/middleware/request_id.rb:27:in `call'
rack (2.0.7) lib/rack/method_override.rb:22:in `call'
rack (2.0.7) lib/rack/runtime.rb:22:in `call'
activesupport (5.2.3) lib/active_support/cache/strategy/local_cache_middleware.rb:29:in `call'
actionpack (5.2.3) lib/action_dispatch/middleware/executor.rb:14:in `call'
actionpack (5.2.3) lib/action_dispatch/middleware/static.rb:127:in `call'
rack (2.0.7) lib/rack/sendfile.rb:111:in `call'
railties (5.2.3) lib/rails/engine.rb:524:in `call'
puma (3.12.1) lib/puma/configuration.rb:227:in `call'
puma (3.12.1) lib/puma/server.rb:660:in `handle_request'
puma (3.12.1) lib/puma/server.rb:474:in `process_client'
puma (3.12.1) lib/puma/server.rb:334:in `block in run'
puma (3.12.1) lib/puma/thread_pool.rb:135:in `block in spawn_thread'
Started GET "/" for ::1 at 2019-09-04 00:15:54 -0700
Processing by StaticPagesController#root as HTML
  Rendering static_pages/root.html.erb within layouts/application
  Rendered static_pages/root.html.erb within layouts/application (0.7ms)
Completed 200 OK in 1533ms (Views: 1527.3ms | ActiveRecord: 0.0ms)


Started POST "/api/users" for ::1 at 2019-09-04 00:16:07 -0700
  
ActionController::RoutingError (No route matches [POST] "/api/users"):
  
actionpack (5.2.3) lib/action_dispatch/middleware/debug_exceptions.rb:65:in `call'
web-console (3.7.0) lib/web_console/middleware.rb:135:in `call_app'
web-console (3.7.0) lib/web_console/middleware.rb:30:in `block in call'
web-console (3.7.0) lib/web_console/middleware.rb:20:in `catch'
web-console (3.7.0) lib/web_console/middleware.rb:20:in `call'
actionpack (5.2.3) lib/action_dispatch/middleware/show_exceptions.rb:33:in `call'
railties (5.2.3) lib/rails/rack/logger.rb:38:in `call_app'
railties (5.2.3) lib/rails/rack/logger.rb:26:in `block in call'
activesupport (5.2.3) lib/active_support/tagged_logging.rb:71:in `block in tagged'
activesupport (5.2.3) lib/active_support/tagged_logging.rb:28:in `tagged'
activesupport (5.2.3) lib/active_support/tagged_logging.rb:71:in `tagged'
railties (5.2.3) lib/rails/rack/logger.rb:26:in `call'
sprockets-rails (3.2.1) lib/sprockets/rails/quiet_assets.rb:13:in `call'
actionpack (5.2.3) lib/action_dispatch/middleware/remote_ip.rb:81:in `call'
actionpack (5.2.3) lib/action_dispatch/middleware/request_id.rb:27:in `call'
rack (2.0.7) lib/rack/method_override.rb:22:in `call'
rack (2.0.7) lib/rack/runtime.rb:22:in `call'
activesupport (5.2.3) lib/active_support/cache/strategy/local_cache_middleware.rb:29:in `call'
actionpack (5.2.3) lib/action_dispatch/middleware/executor.rb:14:in `call'
actionpack (5.2.3) lib/action_dispatch/middleware/static.rb:127:in `call'
rack (2.0.7) lib/rack/sendfile.rb:111:in `call'
railties (5.2.3) lib/rails/engine.rb:524:in `call'
puma (3.12.1) lib/puma/configuration.rb:227:in `call'
puma (3.12.1) lib/puma/server.rb:660:in `handle_request'
puma (3.12.1) lib/puma/server.rb:474:in `process_client'
puma (3.12.1) lib/puma/server.rb:334:in `block in run'
puma (3.12.1) lib/puma/thread_pool.rb:135:in `block in spawn_thread'
Started GET "/" for ::1 at 2019-09-04 00:16:25 -0700
Processing by StaticPagesController#root as HTML
  Rendering static_pages/root.html.erb within layouts/application
  Rendered static_pages/root.html.erb within layouts/application (0.8ms)
Completed 200 OK in 1220ms (Views: 1215.7ms | ActiveRecord: 0.0ms)


Started POST "/api/user" for ::1 at 2019-09-04 00:16:35 -0700
Processing by Api::UsersController#create as JSON
  Parameters: {"user"=>{"first_name"=>"Anisur", "last_name"=>"Khan", "email"=>"AnisurK@Gmail.com", "password"=>"[FILTERED]"}}
Can't verify CSRF token authenticity.
Completed 422 Unprocessable Entity in 3ms (ActiveRecord: 0.0ms)



ActionController::InvalidAuthenticityToken - ActionController::InvalidAuthenticityToken:

Started GET "/" for ::1 at 2019-09-04 00:20:50 -0700
Processing by StaticPagesController#root as HTML
  Rendering static_pages/root.html.erb within layouts/application
  Rendered static_pages/root.html.erb within layouts/application (13.4ms)
Completed 200 OK in 2111ms (Views: 2099.4ms | ActiveRecord: 0.0ms)


Started POST "/api/user" for ::1 at 2019-09-04 00:21:05 -0700
Processing by Api::UsersController#create as JSON
  Parameters: {"user"=>{"first_name"=>"Anisur", "last_name"=>"Khan", "email"=>"AnisurK24@Gmail.com", "password"=>"[FILTERED]"}}
Can't verify CSRF token authenticity.
Completed 422 Unprocessable Entity in 16ms (ActiveRecord: 0.0ms)



ActionController::InvalidAuthenticityToken - ActionController::InvalidAuthenticityToken:

Started GET "/" for ::1 at 2019-09-04 00:23:49 -0700
Processing by StaticPagesController#root as HTML
  Rendering static_pages/root.html.erb within layouts/application
  Rendered static_pages/root.html.erb within layouts/application (1.1ms)
Completed 200 OK in 294ms (Views: 281.8ms | ActiveRecord: 0.0ms)


Started POST "/api/user" for ::1 at 2019-09-04 00:23:57 -0700
Processing by Api::UsersController#create as JSON
  Parameters: {"user"=>{"first_name"=>"Anisur", "last_name"=>"Khan", "email"=>"AnisurK24@Gmail.com", "password"=>"[FILTERED]"}}
Can't verify CSRF token authenticity.
Completed 422 Unprocessable Entity in 3ms (ActiveRecord: 0.0ms)



ActionController::InvalidAuthenticityToken - ActionController::InvalidAuthenticityToken:

Started GET "/" for ::1 at 2019-09-04 00:24:26 -0700
Processing by StaticPagesController#root as HTML
  Rendering static_pages/root.html.erb within layouts/application
  Rendered static_pages/root.html.erb within layouts/application (4.2ms)
Completed 200 OK in 541ms (Views: 526.4ms | ActiveRecord: 0.0ms)


Started POST "/api/user" for ::1 at 2019-09-04 00:24:34 -0700
Processing by Api::UsersController#create as JSON
  Parameters: {"user"=>{"first_name"=>"Anisur", "last_name"=>"Khan", "email"=>"AnisurK24@Gmail.com", "password"=>"[FILTERED]"}}
Can't verify CSRF token authenticity.
  [1m[35m (0.3ms)[0m  [1m[35mBEGIN[0m
  ↳ app/controllers/api/users_controller.rb:5
  [1m[36mUser Exists (49.6ms)[0m  [1m[34mSELECT  1 AS one FROM "users" WHERE "users"."email" = $1 LIMIT $2[0m  [["email", "AnisurK24@Gmail.com"], ["LIMIT", 1]]
  ↳ app/controllers/api/users_controller.rb:5
  [1m[36mUser Create (12.7ms)[0m  [1m[32mINSERT INTO "users" ("email", "first_name", "last_name", "password_digest", "session_token", "created_at", "updated_at") VALUES ($1, $2, $3, $4, $5, $6, $7) RETURNING "id"[0m  [["email", "AnisurK24@Gmail.com"], ["first_name", "Anisur"], ["last_name", "Khan"], ["password_digest", "$2a$12$mtC6ryrkzsQ5fIdxPZDl..WFcfNm.mA6uWdUuLM.X41pqkr1Qbh0y"], ["session_token", "9uBHN8RRwqnsDQ3vbiuudQ"], ["created_at", "2019-09-04 07:24:35.489055"], ["updated_at", "2019-09-04 07:24:35.489055"]]
  ↳ app/controllers/api/users_controller.rb:5
  [1m[35m (1.5ms)[0m  [1m[35mCOMMIT[0m
  ↳ app/controllers/api/users_controller.rb:5
  [1m[35m (0.6ms)[0m  [1m[35mBEGIN[0m
  ↳ app/models/user.rb:42
  [1m[36mUser Exists (6.4ms)[0m  [1m[34mSELECT  1 AS one FROM "users" WHERE "users"."email" = $1 AND "users"."id" != $2 LIMIT $3[0m  [["email", "AnisurK24@Gmail.com"], ["id", 1], ["LIMIT", 1]]
  ↳ app/models/user.rb:42
  [1m[36mUser Update (0.8ms)[0m  [1m[33mUPDATE "users" SET "session_token" = $1, "updated_at" = $2 WHERE "users"."id" = $3[0m  [["session_token", "A_PpbGGgKGjzSnx9fqUzng"], ["updated_at", "2019-09-04 07:24:35.522894"], ["id", 1]]
  ↳ app/models/user.rb:42
  [1m[35m (112.6ms)[0m  [1m[35mCOMMIT[0m
  ↳ app/models/user.rb:42
  Rendering api/users/show.json.jbuilder
  Rendered api/users/show.json.jbuilder (18.0ms)
Completed 500 Internal Server Error in 1305ms (ActiveRecord: 579.4ms)



ActionView::MissingTemplate - Missing partial api/user/_user with {:locale=>[:en], :formats=>[:json], :variants=>[], :handlers=>[:jbuilder]}. Searched in:
  * "/Users/anisurrkhan/Desktop/AppAcademyOnline/Fullstack Projects/Turo_Clone/Turo/app/views"
:
  app/views/api/users/show.json.jbuilder:1:in `_app_views_api_users_show_json_jbuilder__4078038942073660581_70232941174000'
  app/controllers/api/users_controller.rb:7:in `create'

Started GET "/" for ::1 at 2019-09-04 00:25:26 -0700
Processing by StaticPagesController#root as HTML
  Rendering static_pages/root.html.erb within layouts/application
  Rendered static_pages/root.html.erb within layouts/application (0.8ms)
Completed 200 OK in 215ms (Views: 208.6ms | ActiveRecord: 0.0ms)


Started POST "/api/user" for ::1 at 2019-09-04 00:25:37 -0700
Processing by Api::UsersController#create as JSON
  Parameters: {"user"=>{"first_name"=>"Anisur", "last_name"=>"Khan", "email"=>"AnisurK24@Gmail.com", "password"=>"[FILTERED]"}}
Can't verify CSRF token authenticity.
  [1m[35m (0.2ms)[0m  [1m[35mBEGIN[0m
  ↳ app/controllers/api/users_controller.rb:5
  [1m[36mUser Exists (1.7ms)[0m  [1m[34mSELECT  1 AS one FROM "users" WHERE "users"."email" = $1 LIMIT $2[0m  [["email", "AnisurK24@Gmail.com"], ["LIMIT", 1]]
  ↳ app/controllers/api/users_controller.rb:5
  [1m[35m (1.8ms)[0m  [1m[31mROLLBACK[0m
  ↳ app/controllers/api/users_controller.rb:5
Completed 422 Unprocessable Entity in 726ms (Views: 3.6ms | ActiveRecord: 3.8ms)


Started POST "/api/session" for ::1 at 2019-09-04 00:26:15 -0700

SyntaxError - syntax error, unexpected end-of-input, expecting keyword_end:
  app/controllers/api/sessions_controller.rb:23:in `'

Started GET "/" for ::1 at 2019-09-04 01:18:16 -0700
Processing by StaticPagesController#root as HTML
  Rendering static_pages/root.html.erb within layouts/application
  Rendered static_pages/root.html.erb within layouts/application (43.6ms)
Completed 200 OK in 504ms (Views: 485.2ms | ActiveRecord: 0.0ms)


Started POST "/api/session" for ::1 at 2019-09-04 01:18:21 -0700

SyntaxError - syntax error, unexpected end-of-input, expecting keyword_end:
  app/controllers/api/sessions_controller.rb:23:in `'

Started POST "/api/user" for ::1 at 2019-09-04 01:18:56 -0700
Processing by Api::UsersController#create as JSON
  Parameters: {"user"=>{"first_name"=>"Anisur", "last_name"=>"Khan", "email"=>"AnisurK@Gmail.com", "password"=>"[FILTERED]"}}
Can't verify CSRF token authenticity.
  [1m[35m (0.3ms)[0m  [1m[35mBEGIN[0m
  ↳ app/controllers/api/users_controller.rb:5
  [1m[36mUser Exists (2.3ms)[0m  [1m[34mSELECT  1 AS one FROM "users" WHERE "users"."email" = $1 LIMIT $2[0m  [["email", "AnisurK@Gmail.com"], ["LIMIT", 1]]
  ↳ app/controllers/api/users_controller.rb:5
  [1m[36mUser Create (2.1ms)[0m  [1m[32mINSERT INTO "users" ("email", "first_name", "last_name", "password_digest", "session_token", "created_at", "updated_at") VALUES ($1, $2, $3, $4, $5, $6, $7) RETURNING "id"[0m  [["email", "AnisurK@Gmail.com"], ["first_name", "Anisur"], ["last_name", "Khan"], ["password_digest", "$2a$12$b8scDa2zVtUVUBVxpq/RkeyIosAvdQBZG8NUpILvpXMofLbBOMdfq"], ["session_token", "McVI4G9yXhK74BwZzYlQMQ"], ["created_at", "2019-09-04 08:18:56.666513"], ["updated_at", "2019-09-04 08:18:56.666513"]]
  ↳ app/controllers/api/users_controller.rb:5
  [1m[35m (1.9ms)[0m  [1m[35mCOMMIT[0m
  ↳ app/controllers/api/users_controller.rb:5
  [1m[35m (0.2ms)[0m  [1m[35mBEGIN[0m
  ↳ app/models/user.rb:42
  [1m[36mUser Exists (1.8ms)[0m  [1m[34mSELECT  1 AS one FROM "users" WHERE "users"."email" = $1 AND "users"."id" != $2 LIMIT $3[0m  [["email", "AnisurK@Gmail.com"], ["id", 2], ["LIMIT", 1]]
  ↳ app/models/user.rb:42
  [1m[36mUser Update (1.2ms)[0m  [1m[33mUPDATE "users" SET "session_token" = $1, "updated_at" = $2 WHERE "users"."id" = $3[0m  [["session_token", "P9TF6_RvT-bMN3_CMWc_rg"], ["updated_at", "2019-09-04 08:18:56.742280"], ["id", 2]]
  ↳ app/models/user.rb:42
  [1m[35m (1.6ms)[0m  [1m[35mCOMMIT[0m
  ↳ app/models/user.rb:42
  Rendering api/users/show.json.jbuilder
  Rendered api/users/_user.json.jbuilder (2.3ms)
  Rendered api/users/show.json.jbuilder (31.2ms)
Completed 200 OK in 703ms (Views: 44.4ms | ActiveRecord: 11.2ms)


Started DELETE "/api/session" for ::1 at 2019-09-04 01:19:06 -0700

SyntaxError - syntax error, unexpected end-of-input, expecting keyword_end:
  app/controllers/api/sessions_controller.rb:23:in `'

Started DELETE "/api/session" for ::1 at 2019-09-04 01:19:06 -0700

SyntaxError - syntax error, unexpected end-of-input, expecting keyword_end:
  app/controllers/api/sessions_controller.rb:23:in `'

Started DELETE "/api/session" for ::1 at 2019-09-04 01:19:06 -0700

SyntaxError - syntax error, unexpected end-of-input, expecting keyword_end:
  app/controllers/api/sessions_controller.rb:23:in `'

Started DELETE "/api/session" for ::1 at 2019-09-04 01:19:08 -0700

SyntaxError - syntax error, unexpected end-of-input, expecting keyword_end:
  app/controllers/api/sessions_controller.rb:23:in `'

Started DELETE "/api/session" for ::1 at 2019-09-04 01:19:08 -0700

SyntaxError - syntax error, unexpected end-of-input, expecting keyword_end:
  app/controllers/api/sessions_controller.rb:23:in `'

Started DELETE "/api/session" for ::1 at 2019-09-04 01:19:09 -0700

SyntaxError - syntax error, unexpected end-of-input, expecting keyword_end:
  app/controllers/api/sessions_controller.rb:23:in `'

Started DELETE "/api/session" for ::1 at 2019-09-04 01:19:09 -0700

SyntaxError - syntax error, unexpected end-of-input, expecting keyword_end:
  app/controllers/api/sessions_controller.rb:23:in `'

Started DELETE "/api/session" for ::1 at 2019-09-04 01:19:09 -0700

SyntaxError - syntax error, unexpected end-of-input, expecting keyword_end:
  app/controllers/api/sessions_controller.rb:23:in `'

Started DELETE "/api/session" for ::1 at 2019-09-04 01:19:09 -0700

SyntaxError - syntax error, unexpected end-of-input, expecting keyword_end:
  app/controllers/api/sessions_controller.rb:23:in `'

Started DELETE "/api/session" for ::1 at 2019-09-04 01:19:33 -0700

SyntaxError - syntax error, unexpected end-of-input, expecting keyword_end:
  app/controllers/api/sessions_controller.rb:23:in `'

Started DELETE "/api/session" for ::1 at 2019-09-04 01:19:33 -0700

SyntaxError - syntax error, unexpected end-of-input, expecting keyword_end:
  app/controllers/api/sessions_controller.rb:23:in `'

Started DELETE "/api/session" for ::1 at 2019-09-04 01:19:33 -0700

SyntaxError - syntax error, unexpected end-of-input, expecting keyword_end:
  app/controllers/api/sessions_controller.rb:23:in `'

Started GET "/" for ::1 at 2019-09-04 01:20:20 -0700
Processing by StaticPagesController#root as HTML
  Rendering static_pages/root.html.erb within layouts/application
  Rendered static_pages/root.html.erb within layouts/application (0.6ms)
Completed 200 OK in 225ms (Views: 217.4ms | ActiveRecord: 0.0ms)


Started POST "/api/session" for ::1 at 2019-09-04 01:20:26 -0700
Processing by Api::SessionsController#create as JSON
  Parameters: {"user"=>{"email"=>"AnisurK24@Gmail.com", "password"=>"[FILTERED]"}}
Can't verify CSRF token authenticity.
  [1m[36mUser Load (1.2ms)[0m  [1m[34mSELECT  "users".* FROM "users" WHERE "users"."email" = $1 LIMIT $2[0m  [["email", "AnisurK24@Gmail.com"], ["LIMIT", 1]]
  ↳ app/models/user.rb:27
  [1m[35m (0.2ms)[0m  [1m[35mBEGIN[0m
  ↳ app/models/user.rb:42
  [1m[36mUser Exists (0.6ms)[0m  [1m[34mSELECT  1 AS one FROM "users" WHERE "users"."email" = $1 AND "users"."id" != $2 LIMIT $3[0m  [["email", "AnisurK24@Gmail.com"], ["id", 1], ["LIMIT", 1]]
  ↳ app/models/user.rb:42
  [1m[36mUser Update (2.3ms)[0m  [1m[33mUPDATE "users" SET "session_token" = $1, "updated_at" = $2 WHERE "users"."id" = $3[0m  [["session_token", "Ez3Gv4sCB0UdfGO6kvBI6Q"], ["updated_at", "2019-09-04 08:20:26.965585"], ["id", 1]]
  ↳ app/models/user.rb:42
  [1m[35m (0.5ms)[0m  [1m[35mCOMMIT[0m
  ↳ app/models/user.rb:42
  Rendering api/users/show.json.jbuilder
  Rendered api/users/_user.json.jbuilder (1.0ms)
  Rendered api/users/show.json.jbuilder (3.7ms)
Completed 200 OK in 618ms (Views: 30.4ms | ActiveRecord: 139.7ms)


Started DELETE "/api/session" for ::1 at 2019-09-04 01:20:28 -0700
Processing by Api::SessionsController#destroy as JSON
Can't verify CSRF token authenticity.
  [1m[36mUser Load (3.0ms)[0m  [1m[34mSELECT  "users".* FROM "users" WHERE "users"."session_token" IS NULL LIMIT $1[0m  [["LIMIT", 1]]
  ↳ app/controllers/application_controller.rb:10
Completed 404 Not Found in 98ms (Views: 0.7ms | ActiveRecord: 3.0ms)


Started DELETE "/api/session" for ::1 at 2019-09-04 01:20:28 -0700
Processing by Api::SessionsController#destroy as JSON
Can't verify CSRF token authenticity.
  [1m[36mUser Load (0.5ms)[0m  [1m[34mSELECT  "users".* FROM "users" WHERE "users"."session_token" IS NULL LIMIT $1[0m  [["LIMIT", 1]]
  ↳ app/controllers/application_controller.rb:10
Completed 404 Not Found in 2ms (Views: 0.2ms | ActiveRecord: 0.5ms)


Started DELETE "/api/session" for ::1 at 2019-09-04 01:20:28 -0700
Processing by Api::SessionsController#destroy as JSON
Can't verify CSRF token authenticity.
  [1m[36mUser Load (62.8ms)[0m  [1m[34mSELECT  "users".* FROM "users" WHERE "users"."session_token" IS NULL LIMIT $1[0m  [["LIMIT", 1]]
  ↳ app/controllers/application_controller.rb:10
Completed 404 Not Found in 66ms (Views: 0.2ms | ActiveRecord: 62.8ms)


Started DELETE "/api/session" for ::1 at 2019-09-04 01:20:32 -0700
Processing by Api::SessionsController#destroy as JSON
Can't verify CSRF token authenticity.
  [1m[36mUser Load (21.2ms)[0m  [1m[34mSELECT  "users".* FROM "users" WHERE "users"."session_token" IS NULL LIMIT $1[0m  [["LIMIT", 1]]
  ↳ app/controllers/application_controller.rb:10
Completed 404 Not Found in 25ms (Views: 0.2ms | ActiveRecord: 21.2ms)


Started DELETE "/api/session" for ::1 at 2019-09-04 01:20:33 -0700
Processing by Api::SessionsController#destroy as JSON
Can't verify CSRF token authenticity.
  [1m[36mUser Load (0.5ms)[0m  [1m[34mSELECT  "users".* FROM "users" WHERE "users"."session_token" IS NULL LIMIT $1[0m  [["LIMIT", 1]]
  ↳ app/controllers/application_controller.rb:10
Completed 404 Not Found in 3ms (Views: 0.2ms | ActiveRecord: 0.5ms)


Started DELETE "/api/session" for ::1 at 2019-09-04 01:20:37 -0700
Processing by Api::SessionsController#destroy as JSON
Can't verify CSRF token authenticity.
  [1m[36mUser Load (29.6ms)[0m  [1m[34mSELECT  "users".* FROM "users" WHERE "users"."session_token" IS NULL LIMIT $1[0m  [["LIMIT", 1]]
  ↳ app/controllers/application_controller.rb:10
Completed 404 Not Found in 32ms (Views: 0.2ms | ActiveRecord: 29.6ms)


Started GET "/" for ::1 at 2019-09-04 01:25:22 -0700
Processing by StaticPagesController#root as HTML
  Rendering static_pages/root.html.erb within layouts/application
  Rendered static_pages/root.html.erb within layouts/application (1.8ms)
Completed 200 OK in 1211ms (Views: 1206.2ms | ActiveRecord: 0.0ms)


Started POST "/api/session" for ::1 at 2019-09-04 01:25:28 -0700
Processing by Api::SessionsController#create as JSON
  Parameters: {"user"=>{"email"=>"AnisurK24@Gmail.com", "password"=>"[FILTERED]"}}
Can't verify CSRF token authenticity.
  [1m[36mUser Load (1.3ms)[0m  [1m[34mSELECT  "users".* FROM "users" WHERE "users"."email" = $1 LIMIT $2[0m  [["email", "AnisurK24@Gmail.com"], ["LIMIT", 1]]
  ↳ app/models/user.rb:27
  [1m[35m (0.3ms)[0m  [1m[35mBEGIN[0m
  ↳ app/models/user.rb:42
  [1m[36mUser Exists (0.9ms)[0m  [1m[34mSELECT  1 AS one FROM "users" WHERE "users"."email" = $1 AND "users"."id" != $2 LIMIT $3[0m  [["email", "AnisurK24@Gmail.com"], ["id", 1], ["LIMIT", 1]]
  ↳ app/models/user.rb:42
  [1m[36mUser Update (0.7ms)[0m  [1m[33mUPDATE "users" SET "session_token" = $1, "updated_at" = $2 WHERE "users"."id" = $3[0m  [["session_token", "NZ3WttjNQ9TILY0w0-DK0A"], ["updated_at", "2019-09-04 08:25:29.223639"], ["id", 1]]
  ↳ app/models/user.rb:42
  [1m[35m (41.3ms)[0m  [1m[35mCOMMIT[0m
  ↳ app/models/user.rb:42
  Rendering api/users/show.json.jbuilder
  Rendered api/users/_user.json.jbuilder (0.6ms)
  Rendered api/users/show.json.jbuilder (18.1ms)
Completed 200 OK in 628ms (Views: 39.2ms | ActiveRecord: 44.5ms)


Started DELETE "/api/session" for ::1 at 2019-09-04 01:25:31 -0700
Processing by Api::SessionsController#destroy as JSON
Can't verify CSRF token authenticity.
  [1m[36mUser Load (0.3ms)[0m  [1m[34mSELECT  "users".* FROM "users" WHERE "users"."session_token" IS NULL LIMIT $1[0m  [["LIMIT", 1]]
  ↳ app/controllers/application_controller.rb:10
Completed 404 Not Found in 2ms (Views: 0.2ms | ActiveRecord: 0.3ms)


Started DELETE "/api/session" for ::1 at 2019-09-04 01:29:54 -0700
Processing by Api::SessionsController#destroy as JSON
Can't verify CSRF token authenticity.
  [1m[36mUser Load (0.4ms)[0m  [1m[34mSELECT  "users".* FROM "users" WHERE "users"."session_token" IS NULL LIMIT $1[0m  [["LIMIT", 1]]
  ↳ app/controllers/application_controller.rb:10
Completed 500 Internal Server Error in 24ms (ActiveRecord: 6.2ms)



NoMethodError - undefined method `reset_session_token!' for nil:NilClass:
  app/controllers/application_controller.rb:23:in `logout'
  app/controllers/api/sessions_controller.rb:16:in `destroy'

Started DELETE "/api/session" for ::1 at 2019-09-04 01:31:28 -0700
Processing by Api::SessionsController#destroy as JSON
Can't verify CSRF token authenticity.
  [1m[36mUser Load (1.4ms)[0m  [1m[34mSELECT  "users".* FROM "users" WHERE "users"."session_token" IS NULL LIMIT $1[0m  [["LIMIT", 1]]
  ↳ app/controllers/application_controller.rb:10
Completed 500 Internal Server Error in 14ms (ActiveRecord: 1.4ms)



NoMethodError - undefined method `reset_session_token!' for nil:NilClass:
  app/controllers/application_controller.rb:23:in `logout'
  app/controllers/api/sessions_controller.rb:16:in `destroy'

Started GET "/" for ::1 at 2019-09-04 01:33:06 -0700
Processing by StaticPagesController#root as HTML
  Rendering static_pages/root.html.erb within layouts/application
  Rendered static_pages/root.html.erb within layouts/application (2.4ms)
Completed 200 OK in 2017ms (Views: 2005.9ms | ActiveRecord: 0.0ms)


Started POST "/api/session" for ::1 at 2019-09-04 01:33:14 -0700
Processing by Api::SessionsController#create as JSON
  Parameters: {"user"=>{"email"=>"AnisurK24@Gmail.com", "password"=>"[FILTERED]"}}
Can't verify CSRF token authenticity.
  [1m[36mUser Load (1.0ms)[0m  [1m[34mSELECT  "users".* FROM "users" WHERE "users"."email" = $1 LIMIT $2[0m  [["email", "AnisurK24@Gmail.com"], ["LIMIT", 1]]
  ↳ app/models/user.rb:27
  [1m[35m (0.3ms)[0m  [1m[35mBEGIN[0m
  ↳ app/models/user.rb:42
  [1m[36mUser Exists (9.8ms)[0m  [1m[34mSELECT  1 AS one FROM "users" WHERE "users"."email" = $1 AND "users"."id" != $2 LIMIT $3[0m  [["email", "AnisurK24@Gmail.com"], ["id", 1], ["LIMIT", 1]]
  ↳ app/models/user.rb:42
  [1m[36mUser Update (17.5ms)[0m  [1m[33mUPDATE "users" SET "session_token" = $1, "updated_at" = $2 WHERE "users"."id" = $3[0m  [["session_token", "Psyt6HozxL-VTiXz1Jcbmg"], ["updated_at", "2019-09-04 08:33:15.404416"], ["id", 1]]
  ↳ app/models/user.rb:42
  [1m[35m (47.7ms)[0m  [1m[35mCOMMIT[0m
  ↳ app/models/user.rb:42
Completed 500 Internal Server Error in 704ms (ActiveRecord: 86.7ms)



ActionView::MissingTemplate - Missing template users/show with {:locale=>[:en], :formats=>[:json], :variants=>[], :handlers=>[:raw, :erb, :html, :builder, :ruby, :coffee, :jbuilder]}. Searched in:
  * "/Users/anisurrkhan/Desktop/AppAcademyOnline/Fullstack Projects/Turo_Clone/Turo/app/views"
:
  app/controllers/api/sessions_controller.rb:9:in `create'

Started GET "/" for ::1 at 2019-09-04 01:33:26 -0700
Processing by StaticPagesController#root as HTML
  Rendering static_pages/root.html.erb within layouts/application
  Rendered static_pages/root.html.erb within layouts/application (1.4ms)
Completed 200 OK in 229ms (Views: 223.8ms | ActiveRecord: 0.0ms)


Started GET "/" for ::1 at 2019-09-04 01:33:28 -0700
Processing by StaticPagesController#root as HTML
  Rendering static_pages/root.html.erb within layouts/application
  Rendered static_pages/root.html.erb within layouts/application (0.6ms)
Completed 200 OK in 401ms (Views: 396.7ms | ActiveRecord: 0.0ms)


Started POST "/api/session" for ::1 at 2019-09-04 01:33:35 -0700
Processing by Api::SessionsController#create as JSON
  Parameters: {"user"=>{"email"=>"AnisurK24@Gmail.com", "password"=>"[FILTERED]"}}
Can't verify CSRF token authenticity.
  [1m[36mUser Load (1.1ms)[0m  [1m[34mSELECT  "users".* FROM "users" WHERE "users"."email" = $1 LIMIT $2[0m  [["email", "AnisurK24@Gmail.com"], ["LIMIT", 1]]
  ↳ app/models/user.rb:27
  [1m[35m (0.9ms)[0m  [1m[35mBEGIN[0m
  ↳ app/models/user.rb:42
  [1m[36mUser Exists (0.6ms)[0m  [1m[34mSELECT  1 AS one FROM "users" WHERE "users"."email" = $1 AND "users"."id" != $2 LIMIT $3[0m  [["email", "AnisurK24@Gmail.com"], ["id", 1], ["LIMIT", 1]]
  ↳ app/models/user.rb:42
  [1m[36mUser Update (0.6ms)[0m  [1m[33mUPDATE "users" SET "session_token" = $1, "updated_at" = $2 WHERE "users"."id" = $3[0m  [["session_token", "ZCoG-HDryujxlvFG8q_gIQ"], ["updated_at", "2019-09-04 08:33:36.054194"], ["id", 1]]
  ↳ app/models/user.rb:42
  [1m[35m (1.8ms)[0m  [1m[35mCOMMIT[0m
  ↳ app/models/user.rb:42
Completed 500 Internal Server Error in 384ms (ActiveRecord: 5.1ms)



ActionView::MissingTemplate - Missing template users/show with {:locale=>[:en], :formats=>[:json], :variants=>[], :handlers=>[:raw, :erb, :html, :builder, :ruby, :coffee, :jbuilder]}. Searched in:
  * "/Users/anisurrkhan/Desktop/AppAcademyOnline/Fullstack Projects/Turo_Clone/Turo/app/views"
:
  app/controllers/api/sessions_controller.rb:9:in `create'

Started GET "/" for ::1 at 2019-09-04 01:34:30 -0700
Processing by StaticPagesController#root as HTML
  Rendering static_pages/root.html.erb within layouts/application
  Rendered static_pages/root.html.erb within layouts/application (11.1ms)
Completed 200 OK in 839ms (Views: 824.0ms | ActiveRecord: 0.0ms)


Started POST "/api/session" for ::1 at 2019-09-04 01:34:39 -0700
Processing by Api::SessionsController#create as JSON
  Parameters: {"user"=>{"email"=>"AnisurK24@Gmail.com", "password"=>"[FILTERED]"}}
Can't verify CSRF token authenticity.
  [1m[36mUser Load (1.4ms)[0m  [1m[34mSELECT  "users".* FROM "users" WHERE "users"."email" = $1 LIMIT $2[0m  [["email", "AnisurK24@Gmail.com"], ["LIMIT", 1]]
  ↳ app/models/user.rb:27
  [1m[35m (0.2ms)[0m  [1m[35mBEGIN[0m
  ↳ app/models/user.rb:42
  [1m[36mUser Exists (1.0ms)[0m  [1m[34mSELECT  1 AS one FROM "users" WHERE "users"."email" = $1 AND "users"."id" != $2 LIMIT $3[0m  [["email", "AnisurK24@Gmail.com"], ["id", 1], ["LIMIT", 1]]
  ↳ app/models/user.rb:42
  [1m[36mUser Update (1.2ms)[0m  [1m[33mUPDATE "users" SET "session_token" = $1, "updated_at" = $2 WHERE "users"."id" = $3[0m  [["session_token", "cw1bvA7ADjmBmY0DVqybjw"], ["updated_at", "2019-09-04 08:34:39.902311"], ["id", 1]]
  ↳ app/models/user.rb:42
  [1m[35m (2.2ms)[0m  [1m[35mCOMMIT[0m
  ↳ app/models/user.rb:42
Completed 500 Internal Server Error in 552ms (ActiveRecord: 43.6ms)



ActionView::MissingTemplate - Missing template user/show with {:locale=>[:en], :formats=>[:json], :variants=>[], :handlers=>[:raw, :erb, :html, :builder, :ruby, :coffee, :jbuilder]}. Searched in:
  * "/Users/anisurrkhan/Desktop/AppAcademyOnline/Fullstack Projects/Turo_Clone/Turo/app/views"
:
  app/controllers/api/sessions_controller.rb:9:in `create'

Started GET "/" for ::1 at 2019-09-04 01:37:40 -0700
Processing by StaticPagesController#root as HTML
  Rendering static_pages/root.html.erb within layouts/application
  Rendered static_pages/root.html.erb within layouts/application (1.4ms)
Completed 200 OK in 335ms (Views: 321.8ms | ActiveRecord: 0.0ms)


Started POST "/api/session" for ::1 at 2019-09-04 01:37:46 -0700
Processing by Api::SessionsController#create as JSON
  Parameters: {"user"=>{"email"=>"AnisurK24@Gmail.com", "password"=>"[FILTERED]"}}
Can't verify CSRF token authenticity.
  [1m[36mUser Load (3.1ms)[0m  [1m[34mSELECT  "users".* FROM "users" WHERE "users"."email" = $1 LIMIT $2[0m  [["email", "AnisurK24@Gmail.com"], ["LIMIT", 1]]
  ↳ app/models/user.rb:27
  [1m[35m (0.2ms)[0m  [1m[35mBEGIN[0m
  ↳ app/models/user.rb:42
  [1m[36mUser Exists (0.9ms)[0m  [1m[34mSELECT  1 AS one FROM "users" WHERE "users"."email" = $1 AND "users"."id" != $2 LIMIT $3[0m  [["email", "AnisurK24@Gmail.com"], ["id", 1], ["LIMIT", 1]]
  ↳ app/models/user.rb:42
  [1m[36mUser Update (2.9ms)[0m  [1m[33mUPDATE "users" SET "session_token" = $1, "updated_at" = $2 WHERE "users"."id" = $3[0m  [["session_token", "fYwmb9haonvYzjEAcWn-Cw"], ["updated_at", "2019-09-04 08:37:47.171555"], ["id", 1]]
  ↳ app/models/user.rb:42
  [1m[35m (1.4ms)[0m  [1m[35mCOMMIT[0m
  ↳ app/models/user.rb:42
  Rendering api/users/show.json.jbuilder
  Rendered api/users/_user.json.jbuilder (1.6ms)
  Rendered api/users/show.json.jbuilder (4.5ms)
Completed 200 OK in 570ms (Views: 25.1ms | ActiveRecord: 121.4ms)


Started GET "/" for ::1 at 2019-09-04 01:38:00 -0700
Processing by StaticPagesController#root as HTML
  Rendering static_pages/root.html.erb within layouts/application
  Rendered static_pages/root.html.erb within layouts/application (0.7ms)
Completed 200 OK in 300ms (Views: 292.6ms | ActiveRecord: 0.0ms)


Started GET "/" for ::1 at 2019-09-04 01:38:08 -0700
Processing by StaticPagesController#root as HTML
  Rendering static_pages/root.html.erb within layouts/application
  Rendered static_pages/root.html.erb within layouts/application (0.8ms)
Completed 200 OK in 195ms (Views: 189.0ms | ActiveRecord: 0.0ms)


Started POST "/api/session" for ::1 at 2019-09-04 01:38:18 -0700
Processing by Api::SessionsController#create as JSON
  Parameters: {"user"=>{"email"=>"AnisurK24@Gmail.com", "password"=>"[FILTERED]"}}
Can't verify CSRF token authenticity.
  [1m[36mUser Load (2.1ms)[0m  [1m[34mSELECT  "users".* FROM "users" WHERE "users"."email" = $1 LIMIT $2[0m  [["email", "AnisurK24@Gmail.com"], ["LIMIT", 1]]
  ↳ app/models/user.rb:27
  [1m[35m (0.2ms)[0m  [1m[35mBEGIN[0m
  ↳ app/models/user.rb:42
  [1m[36mUser Exists (0.8ms)[0m  [1m[34mSELECT  1 AS one FROM "users" WHERE "users"."email" = $1 AND "users"."id" != $2 LIMIT $3[0m  [["email", "AnisurK24@Gmail.com"], ["id", 1], ["LIMIT", 1]]
  ↳ app/models/user.rb:42
  [1m[36mUser Update (0.7ms)[0m  [1m[33mUPDATE "users" SET "session_token" = $1, "updated_at" = $2 WHERE "users"."id" = $3[0m  [["session_token", "NqLMNjlsM_lEJo7g0IZgiA"], ["updated_at", "2019-09-04 08:38:18.817793"], ["id", 1]]
  ↳ app/models/user.rb:42
  [1m[35m (10.4ms)[0m  [1m[35mCOMMIT[0m
  ↳ app/models/user.rb:42
  Rendering api/users/show.json.jbuilder
  Rendered api/users/_user.json.jbuilder (0.6ms)
  Rendered api/users/show.json.jbuilder (4.3ms)
Completed 200 OK in 508ms (Views: 22.8ms | ActiveRecord: 14.3ms)


Started DELETE "/api/session" for ::1 at 2019-09-04 01:38:20 -0700
Processing by Api::SessionsController#destroy as JSON
Can't verify CSRF token authenticity.
  [1m[36mUser Load (2.6ms)[0m  [1m[34mSELECT  "users".* FROM "users" WHERE "users"."session_token" IS NULL LIMIT $1[0m  [["LIMIT", 1]]
  ↳ app/controllers/application_controller.rb:10
Completed 500 Internal Server Error in 17ms (ActiveRecord: 2.6ms)



NoMethodError - undefined method `reset_session_token!' for nil:NilClass:
  app/controllers/application_controller.rb:23:in `logout'
  app/controllers/api/sessions_controller.rb:16:in `destroy'

Started GET "/" for ::1 at 2019-09-04 01:39:58 -0700
Processing by StaticPagesController#root as HTML
  Rendering static_pages/root.html.erb within layouts/application
  Rendered static_pages/root.html.erb within layouts/application (0.7ms)
Completed 200 OK in 201ms (Views: 196.9ms | ActiveRecord: 0.0ms)


Started POST "/api/session" for ::1 at 2019-09-04 01:40:07 -0700
Processing by Api::SessionsController#create as JSON
  Parameters: {"user"=>{"email"=>"AnisurK24@Gmail.com", "password"=>"[FILTERED]"}}
Can't verify CSRF token authenticity.
  [1m[36mUser Load (24.6ms)[0m  [1m[34mSELECT  "users".* FROM "users" WHERE "users"."email" = $1 LIMIT $2[0m  [["email", "AnisurK24@Gmail.com"], ["LIMIT", 1]]
  ↳ app/models/user.rb:27
  [1m[35m (0.2ms)[0m  [1m[35mBEGIN[0m
  ↳ app/models/user.rb:42
  [1m[36mUser Exists (0.7ms)[0m  [1m[34mSELECT  1 AS one FROM "users" WHERE "users"."email" = $1 AND "users"."id" != $2 LIMIT $3[0m  [["email", "AnisurK24@Gmail.com"], ["id", 1], ["LIMIT", 1]]
  ↳ app/models/user.rb:42
  [1m[36mUser Update (2.8ms)[0m  [1m[33mUPDATE "users" SET "session_token" = $1, "updated_at" = $2 WHERE "users"."id" = $3[0m  [["session_token", "2xFpH4kM88fVlP--_2_4qw"], ["updated_at", "2019-09-04 08:40:08.511038"], ["id", 1]]
  ↳ app/models/user.rb:42
  [1m[35m (0.5ms)[0m  [1m[35mCOMMIT[0m
  ↳ app/models/user.rb:42
  Rendering api/users/show.json.jbuilder
  Rendered api/users/_user.json.jbuilder (44.1ms)
  Rendered api/users/show.json.jbuilder (50.5ms)
Completed 200 OK in 774ms (Views: 74.2ms | ActiveRecord: 136.7ms)


Started DELETE "/api/session" for ::1 at 2019-09-04 01:40:10 -0700
Processing by Api::SessionsController#destroy as JSON
Can't verify CSRF token authenticity.
Completed 500 Internal Server Error in 119ms (ActiveRecord: 0.0ms)



LoadError - dlopen(/Users/anisurrkhan/.rbenv/versions/2.5.1/lib/ruby/2.5.0/x86_64-darwin18/readline.bundle, 9): Library not loaded: /usr/local/opt/readline/lib/libreadline.7.dylib
  Referenced from: /Users/anisurrkhan/.rbenv/versions/2.5.1/lib/ruby/2.5.0/x86_64-darwin18/readline.bundle
  Reason: image not found - /Users/anisurrkhan/.rbenv/versions/2.5.1/lib/ruby/2.5.0/x86_64-darwin18/readline.bundle:
  app/controllers/api/sessions_controller.rb:16:in `destroy'

Started GET "/" for ::1 at 2019-09-04 01:40:37 -0700
Processing by StaticPagesController#root as HTML
  Rendering static_pages/root.html.erb within layouts/application
  Rendered static_pages/root.html.erb within layouts/application (3.0ms)
Completed 200 OK in 298ms (Views: 275.1ms | ActiveRecord: 0.0ms)


Started POST "/api/session" for ::1 at 2019-09-04 01:40:42 -0700
Processing by Api::SessionsController#create as JSON
  Parameters: {"user"=>{"email"=>"AnisurK24@Gmail.com", "password"=>"[FILTERED]"}}
Can't verify CSRF token authenticity.
  [1m[36mUser Load (11.7ms)[0m  [1m[34mSELECT  "users".* FROM "users" WHERE "users"."email" = $1 LIMIT $2[0m  [["email", "AnisurK24@Gmail.com"], ["LIMIT", 1]]
  ↳ app/models/user.rb:27
  [1m[35m (0.4ms)[0m  [1m[35mBEGIN[0m
  ↳ app/models/user.rb:42
  [1m[36mUser Exists (1.4ms)[0m  [1m[34mSELECT  1 AS one FROM "users" WHERE "users"."email" = $1 AND "users"."id" != $2 LIMIT $3[0m  [["email", "AnisurK24@Gmail.com"], ["id", 1], ["LIMIT", 1]]
  ↳ app/models/user.rb:42
  [1m[36mUser Update (27.6ms)[0m  [1m[33mUPDATE "users" SET "session_token" = $1, "updated_at" = $2 WHERE "users"."id" = $3[0m  [["session_token", "05ez632eLosv758zkadNBg"], ["updated_at", "2019-09-04 08:40:43.368953"], ["id", 1]]
  ↳ app/models/user.rb:42
  [1m[35m (11.1ms)[0m  [1m[35mCOMMIT[0m
  ↳ app/models/user.rb:42
  Rendering api/users/show.json.jbuilder
  Rendered api/users/_user.json.jbuilder (0.5ms)
  Rendered api/users/show.json.jbuilder (11.8ms)
Completed 200 OK in 675ms (Views: 49.3ms | ActiveRecord: 78.7ms)


Started DELETE "/api/session" for ::1 at 2019-09-04 01:40:45 -0700
Processing by Api::SessionsController#destroy as JSON
Can't verify CSRF token authenticity.
  [1m[36mUser Load (1.2ms)[0m  [1m[34mSELECT  "users".* FROM "users" WHERE "users"."session_token" IS NULL LIMIT $1[0m  [["LIMIT", 1]]
  ↳ app/controllers/application_controller.rb:10
Completed 404 Not Found in 4ms (Views: 0.3ms | ActiveRecord: 1.2ms)


Started GET "/" for ::1 at 2019-09-04 01:43:08 -0700
Processing by StaticPagesController#root as HTML
  Rendering static_pages/root.html.erb within layouts/application
  Rendered static_pages/root.html.erb within layouts/application (1.3ms)
Completed 200 OK in 192ms (Views: 173.2ms | ActiveRecord: 0.0ms)


Started POST "/api/session" for ::1 at 2019-09-04 01:43:19 -0700
Processing by Api::SessionsController#create as JSON
  Parameters: {"user"=>{"email"=>"AnisurK24@Gmail.com", "password"=>"[FILTERED]"}}
Can't verify CSRF token authenticity.
  [1m[36mUser Load (0.5ms)[0m  [1m[34mSELECT  "users".* FROM "users" WHERE "users"."email" = $1 LIMIT $2[0m  [["email", "AnisurK24@Gmail.com"], ["LIMIT", 1]]
  ↳ app/models/user.rb:27
  [1m[35m (1.0ms)[0m  [1m[35mBEGIN[0m
  ↳ app/models/user.rb:42
  [1m[36mUser Exists (0.6ms)[0m  [1m[34mSELECT  1 AS one FROM "users" WHERE "users"."email" = $1 AND "users"."id" != $2 LIMIT $3[0m  [["email", "AnisurK24@Gmail.com"], ["id", 1], ["LIMIT", 1]]
  ↳ app/models/user.rb:42
  [1m[36mUser Update (0.8ms)[0m  [1m[33mUPDATE "users" SET "session_token" = $1, "updated_at" = $2 WHERE "users"."id" = $3[0m  [["session_token", "5yvfG9emhgU4DuI1FD1XNw"], ["updated_at", "2019-09-04 08:43:20.327370"], ["id", 1]]
  ↳ app/models/user.rb:42
  [1m[35m (1.6ms)[0m  [1m[35mCOMMIT[0m
  ↳ app/models/user.rb:42
  Rendering api/users/show.json.jbuilder
  Rendered api/users/_user.json.jbuilder (0.6ms)
  Rendered api/users/show.json.jbuilder (3.2ms)
Completed 200 OK in 674ms (Views: 36.8ms | ActiveRecord: 63.5ms)


Started DELETE "/api/session" for ::1 at 2019-09-04 01:43:22 -0700
Processing by Api::SessionsController#destroy as JSON
Can't verify CSRF token authenticity.
  [1m[36mUser Load (0.4ms)[0m  [1m[34mSELECT  "users".* FROM "users" WHERE "users"."session_token" IS NULL LIMIT $1[0m  [["LIMIT", 1]]
  ↳ app/controllers/application_controller.rb:10
Completed 404 Not Found in 3ms (Views: 0.3ms | ActiveRecord: 0.4ms)


Started GET "/" for ::1 at 2019-09-04 01:44:18 -0700
Processing by StaticPagesController#root as HTML
  Rendering static_pages/root.html.erb within layouts/application
  Rendered static_pages/root.html.erb within layouts/application (1.2ms)
Completed 200 OK in 253ms (Views: 238.9ms | ActiveRecord: 0.0ms)


Started POST "/api/session" for ::1 at 2019-09-04 01:44:23 -0700
Processing by Api::SessionsController#create as JSON
  Parameters: {"user"=>{"email"=>"AnisurK24@Gmail.com", "password"=>"[FILTERED]"}}
Can't verify CSRF token authenticity.
  [1m[36mUser Load (14.5ms)[0m  [1m[34mSELECT  "users".* FROM "users" WHERE "users"."email" = $1 LIMIT $2[0m  [["email", "AnisurK24@Gmail.com"], ["LIMIT", 1]]
  ↳ app/models/user.rb:27
  [1m[35m (0.5ms)[0m  [1m[35mBEGIN[0m
  ↳ app/models/user.rb:42
  [1m[36mUser Exists (38.4ms)[0m  [1m[34mSELECT  1 AS one FROM "users" WHERE "users"."email" = $1 AND "users"."id" != $2 LIMIT $3[0m  [["email", "AnisurK24@Gmail.com"], ["id", 1], ["LIMIT", 1]]
  ↳ app/models/user.rb:42
  [1m[36mUser Update (1.3ms)[0m  [1m[33mUPDATE "users" SET "session_token" = $1, "updated_at" = $2 WHERE "users"."id" = $3[0m  [["session_token", "orjsQeeVQv64j09HX97KRg"], ["updated_at", "2019-09-04 08:44:25.061774"], ["id", 1]]
  ↳ app/models/user.rb:42
  [1m[35m (4.7ms)[0m  [1m[35mCOMMIT[0m
  ↳ app/models/user.rb:42
  Rendering api/users/show.json.jbuilder
  Rendered api/users/_user.json.jbuilder (0.7ms)
  Rendered api/users/show.json.jbuilder (6.4ms)
Completed 200 OK in 1044ms (Views: 30.9ms | ActiveRecord: 148.4ms)


Started DELETE "/api/session" for ::1 at 2019-09-04 01:44:26 -0700
Processing by Api::SessionsController#destroy as JSON
Can't verify CSRF token authenticity.
  [1m[36mUser Load (0.4ms)[0m  [1m[34mSELECT  "users".* FROM "users" WHERE "users"."session_token" IS NULL LIMIT $1[0m  [["LIMIT", 1]]
  ↳ app/controllers/application_controller.rb:10
Completed 404 Not Found in 4ms (Views: 0.3ms | ActiveRecord: 0.4ms)


Started GET "/" for ::1 at 2019-09-04 01:44:49 -0700
Processing by StaticPagesController#root as HTML
  Rendering static_pages/root.html.erb within layouts/application
  Rendered static_pages/root.html.erb within layouts/application (8.3ms)
Completed 200 OK in 317ms (Views: 308.3ms | ActiveRecord: 0.0ms)


Started POST "/api/session" for ::1 at 2019-09-04 01:44:55 -0700
Processing by Api::SessionsController#create as JSON
  Parameters: {"user"=>{"email"=>"AnisurK24@Gmail.com", "password"=>"[FILTERED]"}}
Can't verify CSRF token authenticity.
Completed 422 Unprocessable Entity in 1ms (ActiveRecord: 0.0ms)



ActionController::InvalidAuthenticityToken - ActionController::InvalidAuthenticityToken:

Started GET "/" for ::1 at 2019-09-04 01:45:17 -0700
Processing by StaticPagesController#root as HTML
  Rendering static_pages/root.html.erb within layouts/application
  Rendered static_pages/root.html.erb within layouts/application (13.6ms)
Completed 200 OK in 286ms (Views: 280.2ms | ActiveRecord: 0.0ms)


Started GET "/" for ::1 at 2019-09-04 01:45:24 -0700
Processing by StaticPagesController#root as HTML
  Rendering static_pages/root.html.erb within layouts/application
  Rendered static_pages/root.html.erb within layouts/application (1.9ms)
Completed 200 OK in 287ms (Views: 283.9ms | ActiveRecord: 0.0ms)


Started POST "/api/session" for ::1 at 2019-09-04 01:45:33 -0700
Processing by Api::SessionsController#create as JSON
  Parameters: {"user"=>{"email"=>"AnisurK24@Gmail.com", "password"=>"[FILTERED]"}}
Can't verify CSRF token authenticity.
Completed 422 Unprocessable Entity in 2ms (ActiveRecord: 0.0ms)



ActionController::InvalidAuthenticityToken - ActionController::InvalidAuthenticityToken:

